2020-10-31 11:26:36.847  INFO 16028 --- [restartedMain] com.ashokit.SsaWebApplication            : Starting SsaWebApplication on LAPTOP-84NKSP63 with PID 16028 (C:\workspace\sts5\3-MiniProject\SSA-Web-Application\target\classes started by nani1 in C:\workspace\sts5\3-MiniProject\SSA-Web-Application)
2020-10-31 11:26:36.851  INFO 16028 --- [restartedMain] com.ashokit.SsaWebApplication            : No active profile set, falling back to default profiles: default
2020-10-31 11:26:36.912  INFO 16028 --- [restartedMain] o.s.b.devtools.restart.ChangeableUrls    : The Class-Path manifest attribute in C:\Users\nani1\.m2\repository\com\oracle\database\jdbc\ojdbc8\19.3.0.0\ojdbc8-19.3.0.0.jar referenced one or more files that do not exist: file:/C:/Users/nani1/.m2/repository/com/oracle/database/jdbc/ojdbc8/19.3.0.0/oraclepki.jar
2020-10-31 11:26:36.913  INFO 16028 --- [restartedMain] o.s.b.devtools.restart.ChangeableUrls    : The Class-Path manifest attribute in C:\Users\nani1\.m2\repository\com\oracle\database\security\oraclepki\19.3.0.0\oraclepki-19.3.0.0.jar referenced one or more files that do not exist: file:/C:/Users/nani1/.m2/repository/com/oracle/database/security/oraclepki/19.3.0.0/osdt_core.jar,file:/C:/Users/nani1/.m2/repository/com/oracle/database/security/oraclepki/19.3.0.0/osdt_cert.jar,file:/C:/Users/nani1/.m2/repository/com/oracle/database/security/oraclepki/oracle.osdt/osdt_core.jar,file:/C:/Users/nani1/.m2/repository/com/oracle/database/security/oraclepki/oracle.osdt/osdt_cert.jar
2020-10-31 11:26:36.913  INFO 16028 --- [restartedMain] .e.DevToolsPropertyDefaultsPostProcessor : Devtools property defaults active! Set 'spring.devtools.add-properties' to 'false' to disable
2020-10-31 11:26:36.913  INFO 16028 --- [restartedMain] .e.DevToolsPropertyDefaultsPostProcessor : For additional web related logging consider setting the 'logging.level.web' property to 'DEBUG'
2020-10-31 11:26:38.455  INFO 16028 --- [restartedMain] .s.d.r.c.RepositoryConfigurationDelegate : Bootstrapping Spring Data JPA repositories in DEFERRED mode.
2020-10-31 11:26:38.541  INFO 16028 --- [restartedMain] .s.d.r.c.RepositoryConfigurationDelegate : Finished Spring Data repository scanning in 72ms. Found 1 JPA repository interfaces.
2020-10-31 11:26:39.143  INFO 16028 --- [restartedMain] o.s.b.w.embedded.tomcat.TomcatWebServer  : Tomcat initialized with port(s): 9595 (http)
2020-10-31 11:26:39.153  INFO 16028 --- [restartedMain] o.apache.catalina.core.StandardService   : Starting service [Tomcat]
2020-10-31 11:26:39.154  INFO 16028 --- [restartedMain] org.apache.catalina.core.StandardEngine  : Starting Servlet engine: [Apache Tomcat/9.0.38]
2020-10-31 11:26:39.273  INFO 16028 --- [restartedMain] o.a.c.c.C.[Tomcat].[localhost].[/]       : Initializing Spring embedded WebApplicationContext
2020-10-31 11:26:39.273  INFO 16028 --- [restartedMain] w.s.c.ServletWebServerApplicationContext : Root WebApplicationContext: initialization completed in 2360 ms
2020-10-31 11:26:39.649  INFO 16028 --- [restartedMain] o.s.s.concurrent.ThreadPoolTaskExecutor  : Initializing ExecutorService 'applicationTaskExecutor'
2020-10-31 11:26:39.660  INFO 16028 --- [restartedMain] com.zaxxer.hikari.HikariDataSource       : HikariPool-1 - Starting...
2020-10-31 11:26:39.664  WARN 16028 --- [restartedMain] com.zaxxer.hikari.util.DriverDataSource  : Registered driver with driverClassName=oracle.jdbc.driver.OracleDriver was not found, trying direct instantiation.
2020-10-31 11:26:39.890  INFO 16028 --- [restartedMain] com.zaxxer.hikari.HikariDataSource       : HikariPool-1 - Start completed.
2020-10-31 11:26:39.951  WARN 16028 --- [restartedMain] ConfigServletWebServerApplicationContext : Exception encountered during context initialization - cancelling refresh attempt: org.springframework.beans.factory.UnsatisfiedDependencyException: Error creating bean with name 'SSNEnrollmentController': Unsatisfied dependency expressed through field 'service'; nested exception is org.springframework.beans.factory.NoSuchBeanDefinitionException: No qualifying bean of type 'com.ashokit.services.SSNEnrollmentService' available: expected at least 1 bean which qualifies as autowire candidate. Dependency annotations: {@org.springframework.beans.factory.annotation.Autowired(required=true)}
2020-10-31 11:26:39.951  INFO 16028 --- [restartedMain] j.LocalContainerEntityManagerFactoryBean : Closing JPA EntityManagerFactory for persistence unit 'default'
2020-10-31 11:26:39.953  INFO 16028 --- [task-1] o.hibernate.jpa.internal.util.LogHelper  : HHH000204: Processing PersistenceUnitInfo [name: default]
2020-10-31 11:26:40.019  INFO 16028 --- [task-1] org.hibernate.Version                    : HHH000412: Hibernate ORM core version 5.4.21.Final
2020-10-31 11:26:40.267  INFO 16028 --- [task-1] o.hibernate.annotations.common.Version   : HCANN000001: Hibernate Commons Annotations {5.1.0.Final}
2020-10-31 11:26:40.430  INFO 16028 --- [task-1] org.hibernate.dialect.Dialect            : HHH000400: Using dialect: org.hibernate.dialect.Oracle10gDialect
2020-10-31 11:26:41.258  INFO 16028 --- [task-1] o.h.e.t.j.p.i.JtaPlatformInitiator       : HHH000490: Using JtaPlatform implementation: [org.hibernate.engine.transaction.jta.platform.internal.NoJtaPlatform]
2020-10-31 11:26:41.268  INFO 16028 --- [task-1] j.LocalContainerEntityManagerFactoryBean : Initialized JPA EntityManagerFactory for persistence unit 'default'
2020-10-31 11:26:41.272  INFO 16028 --- [restartedMain] o.s.s.concurrent.ThreadPoolTaskExecutor  : Shutting down ExecutorService 'applicationTaskExecutor'
2020-10-31 11:26:41.275  INFO 16028 --- [restartedMain] com.zaxxer.hikari.HikariDataSource       : HikariPool-1 - Shutdown initiated...
2020-10-31 11:26:41.312  INFO 16028 --- [restartedMain] com.zaxxer.hikari.HikariDataSource       : HikariPool-1 - Shutdown completed.
2020-10-31 11:26:41.315  INFO 16028 --- [restartedMain] o.apache.catalina.core.StandardService   : Stopping service [Tomcat]
2020-10-31 11:26:41.331  INFO 16028 --- [restartedMain] ConditionEvaluationReportLoggingListener : 

Error starting ApplicationContext. To display the conditions report re-run your application with 'debug' enabled.
2020-10-31 11:26:41.537 ERROR 16028 --- [restartedMain] o.s.b.d.LoggingFailureAnalysisReporter   : 

***************************
APPLICATION FAILED TO START
***************************

Description:

Field service in com.ashokit.rest.SSNEnrollmentController required a bean of type 'com.ashokit.services.SSNEnrollmentService' that could not be found.

The injection point has the following annotations:
	- @org.springframework.beans.factory.annotation.Autowired(required=true)


Action:

Consider defining a bean of type 'com.ashokit.services.SSNEnrollmentService' in your configuration.

2020-10-31 11:27:35.268  INFO 13100 --- [restartedMain] com.ashokit.SsaWebApplication            : Starting SsaWebApplication on LAPTOP-84NKSP63 with PID 13100 (C:\workspace\sts5\3-MiniProject\SSA-Web-Application\target\classes started by nani1 in C:\workspace\sts5\3-MiniProject\SSA-Web-Application)
2020-10-31 11:27:35.271  INFO 13100 --- [restartedMain] com.ashokit.SsaWebApplication            : No active profile set, falling back to default profiles: default
2020-10-31 11:27:35.325  INFO 13100 --- [restartedMain] o.s.b.devtools.restart.ChangeableUrls    : The Class-Path manifest attribute in C:\Users\nani1\.m2\repository\com\oracle\database\jdbc\ojdbc8\19.3.0.0\ojdbc8-19.3.0.0.jar referenced one or more files that do not exist: file:/C:/Users/nani1/.m2/repository/com/oracle/database/jdbc/ojdbc8/19.3.0.0/oraclepki.jar
2020-10-31 11:27:35.325  INFO 13100 --- [restartedMain] o.s.b.devtools.restart.ChangeableUrls    : The Class-Path manifest attribute in C:\Users\nani1\.m2\repository\com\oracle\database\security\oraclepki\19.3.0.0\oraclepki-19.3.0.0.jar referenced one or more files that do not exist: file:/C:/Users/nani1/.m2/repository/com/oracle/database/security/oraclepki/19.3.0.0/osdt_core.jar,file:/C:/Users/nani1/.m2/repository/com/oracle/database/security/oraclepki/19.3.0.0/osdt_cert.jar,file:/C:/Users/nani1/.m2/repository/com/oracle/database/security/oraclepki/oracle.osdt/osdt_core.jar,file:/C:/Users/nani1/.m2/repository/com/oracle/database/security/oraclepki/oracle.osdt/osdt_cert.jar
2020-10-31 11:27:35.326  INFO 13100 --- [restartedMain] .e.DevToolsPropertyDefaultsPostProcessor : Devtools property defaults active! Set 'spring.devtools.add-properties' to 'false' to disable
2020-10-31 11:27:35.326  INFO 13100 --- [restartedMain] .e.DevToolsPropertyDefaultsPostProcessor : For additional web related logging consider setting the 'logging.level.web' property to 'DEBUG'
2020-10-31 11:27:36.545  INFO 13100 --- [restartedMain] .s.d.r.c.RepositoryConfigurationDelegate : Bootstrapping Spring Data JPA repositories in DEFERRED mode.
2020-10-31 11:27:36.617  INFO 13100 --- [restartedMain] .s.d.r.c.RepositoryConfigurationDelegate : Finished Spring Data repository scanning in 63ms. Found 1 JPA repository interfaces.
2020-10-31 11:27:37.175  INFO 13100 --- [restartedMain] o.s.b.w.embedded.tomcat.TomcatWebServer  : Tomcat initialized with port(s): 9595 (http)
2020-10-31 11:27:37.185  INFO 13100 --- [restartedMain] o.apache.catalina.core.StandardService   : Starting service [Tomcat]
2020-10-31 11:27:37.186  INFO 13100 --- [restartedMain] org.apache.catalina.core.StandardEngine  : Starting Servlet engine: [Apache Tomcat/9.0.38]
2020-10-31 11:27:37.303  INFO 13100 --- [restartedMain] o.a.c.c.C.[Tomcat].[localhost].[/]       : Initializing Spring embedded WebApplicationContext
2020-10-31 11:27:37.304  INFO 13100 --- [restartedMain] w.s.c.ServletWebServerApplicationContext : Root WebApplicationContext: initialization completed in 1978 ms
2020-10-31 11:27:37.639  INFO 13100 --- [restartedMain] o.s.s.concurrent.ThreadPoolTaskExecutor  : Initializing ExecutorService 'applicationTaskExecutor'
2020-10-31 11:27:37.649  INFO 13100 --- [restartedMain] com.zaxxer.hikari.HikariDataSource       : HikariPool-1 - Starting...
2020-10-31 11:27:37.652  WARN 13100 --- [restartedMain] com.zaxxer.hikari.util.DriverDataSource  : Registered driver with driverClassName=oracle.jdbc.driver.OracleDriver was not found, trying direct instantiation.
2020-10-31 11:27:37.894  INFO 13100 --- [restartedMain] com.zaxxer.hikari.HikariDataSource       : HikariPool-1 - Start completed.
2020-10-31 11:27:37.943  INFO 13100 --- [task-1] o.hibernate.jpa.internal.util.LogHelper  : HHH000204: Processing PersistenceUnitInfo [name: default]
2020-10-31 11:27:37.993  INFO 13100 --- [task-1] org.hibernate.Version                    : HHH000412: Hibernate ORM core version 5.4.21.Final
2020-10-31 11:27:38.171  INFO 13100 --- [task-1] o.hibernate.annotations.common.Version   : HCANN000001: Hibernate Commons Annotations {5.1.0.Final}
2020-10-31 11:27:38.267  WARN 13100 --- [restartedMain] JpaBaseConfiguration$JpaWebConfiguration : spring.jpa.open-in-view is enabled by default. Therefore, database queries may be performed during view rendering. Explicitly configure spring.jpa.open-in-view to disable this warning
2020-10-31 11:27:38.310  INFO 13100 --- [task-1] org.hibernate.dialect.Dialect            : HHH000400: Using dialect: org.hibernate.dialect.Oracle10gDialect
2020-10-31 11:27:38.511  INFO 13100 --- [restartedMain] o.s.b.a.e.web.EndpointLinksResolver      : Exposing 2 endpoint(s) beneath base path '/actuator'
2020-10-31 11:27:38.719  INFO 13100 --- [restartedMain] o.s.b.d.a.OptionalLiveReloadServer       : LiveReload server is running on port 35729
2020-10-31 11:27:39.075  INFO 13100 --- [task-1] o.h.e.t.j.p.i.JtaPlatformInitiator       : HHH000490: Using JtaPlatform implementation: [org.hibernate.engine.transaction.jta.platform.internal.NoJtaPlatform]
2020-10-31 11:27:39.085  INFO 13100 --- [task-1] j.LocalContainerEntityManagerFactoryBean : Initialized JPA EntityManagerFactory for persistence unit 'default'
2020-10-31 11:27:39.207  INFO 13100 --- [restartedMain] o.s.b.w.embedded.tomcat.TomcatWebServer  : Tomcat started on port(s): 9595 (http) with context path ''
2020-10-31 11:27:39.208  INFO 13100 --- [restartedMain] d.s.w.p.DocumentationPluginsBootstrapper : Context refreshed
2020-10-31 11:27:39.233  INFO 13100 --- [restartedMain] d.s.w.p.DocumentationPluginsBootstrapper : Found 1 custom documentation plugin(s)
2020-10-31 11:27:39.247  INFO 13100 --- [restartedMain] s.d.s.w.s.ApiListingReferenceScanner     : Scanning for api listing references
2020-10-31 11:27:39.433  INFO 13100 --- [restartedMain] .d.s.w.r.o.CachingOperationNameGenerator : Generating unique operation named: handleUsingGET_1
2020-10-31 11:27:39.435  INFO 13100 --- [restartedMain] .d.s.w.r.o.CachingOperationNameGenerator : Generating unique operation named: handleUsingGET_2
2020-10-31 11:27:39.475  INFO 13100 --- [restartedMain] DeferredRepositoryInitializationListener : Triggering deferred initialization of Spring Data repositories…
2020-10-31 11:27:39.689  INFO 13100 --- [restartedMain] DeferredRepositoryInitializationListener : Spring Data repositories initialized!
2020-10-31 11:27:39.702  INFO 13100 --- [restartedMain] com.ashokit.SsaWebApplication            : Started SsaWebApplication in 4.861 seconds (JVM running for 5.762)
2020-10-31 11:27:40.593  INFO 13100 --- [RMI TCP Connection(3)-127.0.0.1] o.a.c.c.C.[Tomcat].[localhost].[/]       : Initializing Spring DispatcherServlet 'dispatcherServlet'
2020-10-31 11:27:40.594  INFO 13100 --- [RMI TCP Connection(3)-127.0.0.1] o.s.web.servlet.DispatcherServlet        : Initializing Servlet 'dispatcherServlet'
2020-10-31 11:27:40.603  INFO 13100 --- [RMI TCP Connection(3)-127.0.0.1] o.s.web.servlet.DispatcherServlet        : Completed initialization in 9 ms
2020-10-31 11:30:15.513  INFO 13100 --- [Thread-7] j.LocalContainerEntityManagerFactoryBean : Closing JPA EntityManagerFactory for persistence unit 'default'
2020-10-31 11:30:15.517  INFO 13100 --- [Thread-7] o.s.s.concurrent.ThreadPoolTaskExecutor  : Shutting down ExecutorService 'applicationTaskExecutor'
2020-10-31 11:30:15.519  INFO 13100 --- [Thread-7] com.zaxxer.hikari.HikariDataSource       : HikariPool-1 - Shutdown initiated...
2020-10-31 11:30:15.532  INFO 13100 --- [Thread-7] com.zaxxer.hikari.HikariDataSource       : HikariPool-1 - Shutdown completed.
2020-10-31 11:30:15.625  INFO 13100 --- [restartedMain] com.ashokit.SsaWebApplication            : Starting SsaWebApplication on LAPTOP-84NKSP63 with PID 13100 (C:\workspace\sts5\3-MiniProject\SSA-Web-Application\target\classes started by nani1 in C:\workspace\sts5\3-MiniProject\SSA-Web-Application)
2020-10-31 11:30:15.625  INFO 13100 --- [restartedMain] com.ashokit.SsaWebApplication            : No active profile set, falling back to default profiles: default
2020-10-31 11:30:16.087  INFO 13100 --- [restartedMain] .s.d.r.c.RepositoryConfigurationDelegate : Bootstrapping Spring Data JPA repositories in DEFERRED mode.
2020-10-31 11:30:16.111  INFO 13100 --- [restartedMain] .s.d.r.c.RepositoryConfigurationDelegate : Finished Spring Data repository scanning in 24ms. Found 1 JPA repository interfaces.
2020-10-31 11:30:16.222  INFO 13100 --- [restartedMain] o.s.b.w.embedded.tomcat.TomcatWebServer  : Tomcat initialized with port(s): 9595 (http)
2020-10-31 11:30:16.223  INFO 13100 --- [restartedMain] o.apache.catalina.core.StandardService   : Starting service [Tomcat]
2020-10-31 11:30:16.223  INFO 13100 --- [restartedMain] org.apache.catalina.core.StandardEngine  : Starting Servlet engine: [Apache Tomcat/9.0.38]
2020-10-31 11:30:16.251  INFO 13100 --- [restartedMain] o.a.c.c.C.[Tomcat].[localhost].[/]       : Initializing Spring embedded WebApplicationContext
2020-10-31 11:30:16.251  INFO 13100 --- [restartedMain] w.s.c.ServletWebServerApplicationContext : Root WebApplicationContext: initialization completed in 622 ms
2020-10-31 11:30:16.331  INFO 13100 --- [restartedMain] o.s.s.concurrent.ThreadPoolTaskExecutor  : Initializing ExecutorService 'applicationTaskExecutor'
2020-10-31 11:30:16.332  INFO 13100 --- [restartedMain] com.zaxxer.hikari.HikariDataSource       : HikariPool-2 - Starting...
2020-10-31 11:30:16.332  WARN 13100 --- [restartedMain] com.zaxxer.hikari.util.DriverDataSource  : Registered driver with driverClassName=oracle.jdbc.driver.OracleDriver was not found, trying direct instantiation.
2020-10-31 11:30:16.356  INFO 13100 --- [restartedMain] com.zaxxer.hikari.HikariDataSource       : HikariPool-2 - Start completed.
2020-10-31 11:30:16.364  INFO 13100 --- [task-1] o.hibernate.jpa.internal.util.LogHelper  : HHH000204: Processing PersistenceUnitInfo [name: default]
2020-10-31 11:30:16.373  INFO 13100 --- [task-1] org.hibernate.dialect.Dialect            : HHH000400: Using dialect: org.hibernate.dialect.Oracle10gDialect
2020-10-31 11:30:16.462  INFO 13100 --- [task-1] o.h.e.t.j.p.i.JtaPlatformInitiator       : HHH000490: Using JtaPlatform implementation: [org.hibernate.engine.transaction.jta.platform.internal.NoJtaPlatform]
2020-10-31 11:30:16.463  INFO 13100 --- [task-1] j.LocalContainerEntityManagerFactoryBean : Initialized JPA EntityManagerFactory for persistence unit 'default'
2020-10-31 11:30:16.484  WARN 13100 --- [restartedMain] JpaBaseConfiguration$JpaWebConfiguration : spring.jpa.open-in-view is enabled by default. Therefore, database queries may be performed during view rendering. Explicitly configure spring.jpa.open-in-view to disable this warning
2020-10-31 11:30:16.600  INFO 13100 --- [restartedMain] o.s.b.a.e.web.EndpointLinksResolver      : Exposing 2 endpoint(s) beneath base path '/actuator'
2020-10-31 11:30:16.671  INFO 13100 --- [restartedMain] o.s.b.d.a.OptionalLiveReloadServer       : LiveReload server is running on port 35729
2020-10-31 11:30:16.769  INFO 13100 --- [restartedMain] o.s.b.w.embedded.tomcat.TomcatWebServer  : Tomcat started on port(s): 9595 (http) with context path ''
2020-10-31 11:30:16.769  INFO 13100 --- [restartedMain] d.s.w.p.DocumentationPluginsBootstrapper : Context refreshed
2020-10-31 11:30:16.770  INFO 13100 --- [restartedMain] d.s.w.p.DocumentationPluginsBootstrapper : Found 1 custom documentation plugin(s)
2020-10-31 11:30:16.777  INFO 13100 --- [restartedMain] s.d.s.w.s.ApiListingReferenceScanner     : Scanning for api listing references
2020-10-31 11:30:16.833  INFO 13100 --- [restartedMain] .d.s.w.r.o.CachingOperationNameGenerator : Generating unique operation named: handleUsingGET_1
2020-10-31 11:30:16.836  INFO 13100 --- [restartedMain] .d.s.w.r.o.CachingOperationNameGenerator : Generating unique operation named: handleUsingGET_2
2020-10-31 11:30:16.848  INFO 13100 --- [restartedMain] DeferredRepositoryInitializationListener : Triggering deferred initialization of Spring Data repositories…
2020-10-31 11:30:16.885  INFO 13100 --- [restartedMain] DeferredRepositoryInitializationListener : Spring Data repositories initialized!
2020-10-31 11:30:16.892  INFO 13100 --- [restartedMain] com.ashokit.SsaWebApplication            : Started SsaWebApplication in 1.308 seconds (JVM running for 162.952)
2020-10-31 11:30:16.895  INFO 13100 --- [restartedMain] .ConditionEvaluationDeltaLoggingListener : Condition evaluation unchanged
2020-10-31 11:30:19.864  INFO 13100 --- [RMI TCP Connection(15)-127.0.0.1] inMXBeanRegistrar$SpringApplicationAdmin : Application shutdown requested.
2020-10-31 11:30:19.938  INFO 13100 --- [RMI TCP Connection(15)-127.0.0.1] j.LocalContainerEntityManagerFactoryBean : Closing JPA EntityManagerFactory for persistence unit 'default'
2020-10-31 11:30:19.939  INFO 13100 --- [RMI TCP Connection(15)-127.0.0.1] o.s.s.concurrent.ThreadPoolTaskExecutor  : Shutting down ExecutorService 'applicationTaskExecutor'
2020-10-31 11:30:19.940  INFO 13100 --- [RMI TCP Connection(15)-127.0.0.1] com.zaxxer.hikari.HikariDataSource       : HikariPool-2 - Shutdown initiated...
2020-10-31 11:30:19.961  INFO 13100 --- [RMI TCP Connection(15)-127.0.0.1] com.zaxxer.hikari.HikariDataSource       : HikariPool-2 - Shutdown completed.
2020-10-31 11:34:08.056  INFO 8032 --- [restartedMain] com.ashokit.SsaWebApplication            : Starting SsaWebApplication on LAPTOP-84NKSP63 with PID 8032 (C:\workspace\sts5\3-MiniProject\SSA-Web-Application\target\classes started by nani1 in C:\workspace\sts5\3-MiniProject\SSA-Web-Application)
2020-10-31 11:34:08.059  INFO 8032 --- [restartedMain] com.ashokit.SsaWebApplication            : No active profile set, falling back to default profiles: default
2020-10-31 11:34:08.114  INFO 8032 --- [restartedMain] o.s.b.devtools.restart.ChangeableUrls    : The Class-Path manifest attribute in C:\Users\nani1\.m2\repository\com\oracle\database\jdbc\ojdbc8\19.3.0.0\ojdbc8-19.3.0.0.jar referenced one or more files that do not exist: file:/C:/Users/nani1/.m2/repository/com/oracle/database/jdbc/ojdbc8/19.3.0.0/oraclepki.jar
2020-10-31 11:34:08.115  INFO 8032 --- [restartedMain] o.s.b.devtools.restart.ChangeableUrls    : The Class-Path manifest attribute in C:\Users\nani1\.m2\repository\com\oracle\database\security\oraclepki\19.3.0.0\oraclepki-19.3.0.0.jar referenced one or more files that do not exist: file:/C:/Users/nani1/.m2/repository/com/oracle/database/security/oraclepki/19.3.0.0/osdt_core.jar,file:/C:/Users/nani1/.m2/repository/com/oracle/database/security/oraclepki/19.3.0.0/osdt_cert.jar,file:/C:/Users/nani1/.m2/repository/com/oracle/database/security/oraclepki/oracle.osdt/osdt_core.jar,file:/C:/Users/nani1/.m2/repository/com/oracle/database/security/oraclepki/oracle.osdt/osdt_cert.jar
2020-10-31 11:34:08.115  INFO 8032 --- [restartedMain] .e.DevToolsPropertyDefaultsPostProcessor : Devtools property defaults active! Set 'spring.devtools.add-properties' to 'false' to disable
2020-10-31 11:34:08.115  INFO 8032 --- [restartedMain] .e.DevToolsPropertyDefaultsPostProcessor : For additional web related logging consider setting the 'logging.level.web' property to 'DEBUG'
2020-10-31 11:34:09.462  INFO 8032 --- [restartedMain] .s.d.r.c.RepositoryConfigurationDelegate : Bootstrapping Spring Data JPA repositories in DEFERRED mode.
2020-10-31 11:34:09.527  INFO 8032 --- [restartedMain] .s.d.r.c.RepositoryConfigurationDelegate : Finished Spring Data repository scanning in 57ms. Found 1 JPA repository interfaces.
2020-10-31 11:34:10.156  INFO 8032 --- [restartedMain] o.s.b.w.embedded.tomcat.TomcatWebServer  : Tomcat initialized with port(s): 9595 (http)
2020-10-31 11:34:10.167  INFO 8032 --- [restartedMain] o.apache.catalina.core.StandardService   : Starting service [Tomcat]
2020-10-31 11:34:10.167  INFO 8032 --- [restartedMain] org.apache.catalina.core.StandardEngine  : Starting Servlet engine: [Apache Tomcat/9.0.38]
2020-10-31 11:34:10.292  INFO 8032 --- [restartedMain] o.a.c.c.C.[Tomcat].[localhost].[/]       : Initializing Spring embedded WebApplicationContext
2020-10-31 11:34:10.293  INFO 8032 --- [restartedMain] w.s.c.ServletWebServerApplicationContext : Root WebApplicationContext: initialization completed in 2178 ms
2020-10-31 11:34:10.645  INFO 8032 --- [restartedMain] o.s.s.concurrent.ThreadPoolTaskExecutor  : Initializing ExecutorService 'applicationTaskExecutor'
2020-10-31 11:34:10.654  INFO 8032 --- [restartedMain] com.zaxxer.hikari.HikariDataSource       : HikariPool-1 - Starting...
2020-10-31 11:34:10.657  WARN 8032 --- [restartedMain] com.zaxxer.hikari.util.DriverDataSource  : Registered driver with driverClassName=oracle.jdbc.driver.OracleDriver was not found, trying direct instantiation.
2020-10-31 11:34:10.890  INFO 8032 --- [restartedMain] com.zaxxer.hikari.HikariDataSource       : HikariPool-1 - Start completed.
2020-10-31 11:34:10.947  INFO 8032 --- [task-1] o.hibernate.jpa.internal.util.LogHelper  : HHH000204: Processing PersistenceUnitInfo [name: default]
2020-10-31 11:34:11.024  INFO 8032 --- [task-1] org.hibernate.Version                    : HHH000412: Hibernate ORM core version 5.4.21.Final
2020-10-31 11:34:11.244  WARN 8032 --- [restartedMain] JpaBaseConfiguration$JpaWebConfiguration : spring.jpa.open-in-view is enabled by default. Therefore, database queries may be performed during view rendering. Explicitly configure spring.jpa.open-in-view to disable this warning
2020-10-31 11:34:11.257  INFO 8032 --- [task-1] o.hibernate.annotations.common.Version   : HCANN000001: Hibernate Commons Annotations {5.1.0.Final}
2020-10-31 11:34:11.394  INFO 8032 --- [task-1] org.hibernate.dialect.Dialect            : HHH000400: Using dialect: org.hibernate.dialect.Oracle10gDialect
2020-10-31 11:34:11.451  INFO 8032 --- [restartedMain] o.s.b.a.e.web.EndpointLinksResolver      : Exposing 2 endpoint(s) beneath base path '/actuator'
2020-10-31 11:34:11.645  INFO 8032 --- [restartedMain] o.s.b.d.a.OptionalLiveReloadServer       : LiveReload server is running on port 35729
2020-10-31 11:34:12.165  INFO 8032 --- [task-1] o.h.e.t.j.p.i.JtaPlatformInitiator       : HHH000490: Using JtaPlatform implementation: [org.hibernate.engine.transaction.jta.platform.internal.NoJtaPlatform]
2020-10-31 11:34:12.175  INFO 8032 --- [task-1] j.LocalContainerEntityManagerFactoryBean : Initialized JPA EntityManagerFactory for persistence unit 'default'
2020-10-31 11:34:12.279  INFO 8032 --- [restartedMain] o.s.b.w.embedded.tomcat.TomcatWebServer  : Tomcat started on port(s): 9595 (http) with context path ''
2020-10-31 11:34:12.281  INFO 8032 --- [restartedMain] d.s.w.p.DocumentationPluginsBootstrapper : Context refreshed
2020-10-31 11:34:12.295  INFO 8032 --- [restartedMain] d.s.w.p.DocumentationPluginsBootstrapper : Found 1 custom documentation plugin(s)
2020-10-31 11:34:12.307  INFO 8032 --- [restartedMain] s.d.s.w.s.ApiListingReferenceScanner     : Scanning for api listing references
2020-10-31 11:34:12.488  INFO 8032 --- [restartedMain] .d.s.w.r.o.CachingOperationNameGenerator : Generating unique operation named: handleUsingGET_1
2020-10-31 11:34:12.491  INFO 8032 --- [restartedMain] .d.s.w.r.o.CachingOperationNameGenerator : Generating unique operation named: handleUsingGET_2
2020-10-31 11:34:12.519  INFO 8032 --- [restartedMain] DeferredRepositoryInitializationListener : Triggering deferred initialization of Spring Data repositories…
2020-10-31 11:34:12.750  INFO 8032 --- [restartedMain] DeferredRepositoryInitializationListener : Spring Data repositories initialized!
2020-10-31 11:34:12.767  INFO 8032 --- [restartedMain] com.ashokit.SsaWebApplication            : Started SsaWebApplication in 5.198 seconds (JVM running for 6.155)
2020-10-31 11:34:14.346  INFO 8032 --- [RMI TCP Connection(3)-127.0.0.1] o.a.c.c.C.[Tomcat].[localhost].[/]       : Initializing Spring DispatcherServlet 'dispatcherServlet'
2020-10-31 11:34:14.347  INFO 8032 --- [RMI TCP Connection(3)-127.0.0.1] o.s.web.servlet.DispatcherServlet        : Initializing Servlet 'dispatcherServlet'
2020-10-31 11:34:14.354  INFO 8032 --- [RMI TCP Connection(3)-127.0.0.1] o.s.web.servlet.DispatcherServlet        : Completed initialization in 7 ms
2020-10-31 11:43:47.559  INFO 8032 --- [Thread-7] j.LocalContainerEntityManagerFactoryBean : Closing JPA EntityManagerFactory for persistence unit 'default'
2020-10-31 11:43:47.562  INFO 8032 --- [Thread-7] o.s.s.concurrent.ThreadPoolTaskExecutor  : Shutting down ExecutorService 'applicationTaskExecutor'
2020-10-31 11:43:47.564  INFO 8032 --- [Thread-7] com.zaxxer.hikari.HikariDataSource       : HikariPool-1 - Shutdown initiated...
2020-10-31 11:43:47.579  INFO 8032 --- [Thread-7] com.zaxxer.hikari.HikariDataSource       : HikariPool-1 - Shutdown completed.
2020-10-31 11:43:47.672  INFO 8032 --- [restartedMain] com.ashokit.SsaWebApplication            : Starting SsaWebApplication on LAPTOP-84NKSP63 with PID 8032 (C:\workspace\sts5\3-MiniProject\SSA-Web-Application\target\classes started by nani1 in C:\workspace\sts5\3-MiniProject\SSA-Web-Application)
2020-10-31 11:43:47.672  INFO 8032 --- [restartedMain] com.ashokit.SsaWebApplication            : No active profile set, falling back to default profiles: default
2020-10-31 11:43:48.212  INFO 8032 --- [restartedMain] .s.d.r.c.RepositoryConfigurationDelegate : Bootstrapping Spring Data JPA repositories in DEFERRED mode.
2020-10-31 11:43:48.236  INFO 8032 --- [restartedMain] .s.d.r.c.RepositoryConfigurationDelegate : Finished Spring Data repository scanning in 24ms. Found 1 JPA repository interfaces.
2020-10-31 11:43:48.360  INFO 8032 --- [restartedMain] o.s.b.w.embedded.tomcat.TomcatWebServer  : Tomcat initialized with port(s): 9595 (http)
2020-10-31 11:43:48.361  INFO 8032 --- [restartedMain] o.apache.catalina.core.StandardService   : Starting service [Tomcat]
2020-10-31 11:43:48.361  INFO 8032 --- [restartedMain] org.apache.catalina.core.StandardEngine  : Starting Servlet engine: [Apache Tomcat/9.0.38]
2020-10-31 11:43:48.391  INFO 8032 --- [restartedMain] o.a.c.c.C.[Tomcat].[localhost].[/]       : Initializing Spring embedded WebApplicationContext
2020-10-31 11:43:48.391  INFO 8032 --- [restartedMain] w.s.c.ServletWebServerApplicationContext : Root WebApplicationContext: initialization completed in 715 ms
2020-10-31 11:43:48.469  INFO 8032 --- [restartedMain] o.s.s.concurrent.ThreadPoolTaskExecutor  : Initializing ExecutorService 'applicationTaskExecutor'
2020-10-31 11:43:48.470  INFO 8032 --- [restartedMain] com.zaxxer.hikari.HikariDataSource       : HikariPool-2 - Starting...
2020-10-31 11:43:48.471  WARN 8032 --- [restartedMain] com.zaxxer.hikari.util.DriverDataSource  : Registered driver with driverClassName=oracle.jdbc.driver.OracleDriver was not found, trying direct instantiation.
2020-10-31 11:43:48.495  INFO 8032 --- [restartedMain] com.zaxxer.hikari.HikariDataSource       : HikariPool-2 - Start completed.
2020-10-31 11:43:48.503  INFO 8032 --- [task-1] o.hibernate.jpa.internal.util.LogHelper  : HHH000204: Processing PersistenceUnitInfo [name: default]
2020-10-31 11:43:48.511  INFO 8032 --- [task-1] org.hibernate.dialect.Dialect            : HHH000400: Using dialect: org.hibernate.dialect.Oracle10gDialect
2020-10-31 11:43:48.512  WARN 8032 --- [restartedMain] ConfigServletWebServerApplicationContext : Exception encountered during context initialization - cancelling refresh attempt: org.springframework.beans.factory.BeanCreationException: Error creating bean with name 'SSNEnrollmentController' defined in file [C:\workspace\sts5\3-MiniProject\SSA-Web-Application\target\classes\com\ashokit\rest\SSNEnrollmentController.class]: Instantiation of bean failed; nested exception is org.springframework.beans.BeanInstantiationException: Failed to instantiate [com.ashokit.rest.SSNEnrollmentController]: Constructor threw exception; nested exception is java.lang.Error: Unresolved compilation problems: 
	Syntax error on token "}", , expected after this token
	Syntax error on tokens, delete these tokens

2020-10-31 11:43:48.512  INFO 8032 --- [restartedMain] j.LocalContainerEntityManagerFactoryBean : Closing JPA EntityManagerFactory for persistence unit 'default'
2020-10-31 11:43:48.588  INFO 8032 --- [task-1] o.h.e.t.j.p.i.JtaPlatformInitiator       : HHH000490: Using JtaPlatform implementation: [org.hibernate.engine.transaction.jta.platform.internal.NoJtaPlatform]
2020-10-31 11:43:48.589  INFO 8032 --- [task-1] j.LocalContainerEntityManagerFactoryBean : Initialized JPA EntityManagerFactory for persistence unit 'default'
2020-10-31 11:43:48.589  INFO 8032 --- [restartedMain] o.s.s.concurrent.ThreadPoolTaskExecutor  : Shutting down ExecutorService 'applicationTaskExecutor'
2020-10-31 11:43:48.590  INFO 8032 --- [restartedMain] com.zaxxer.hikari.HikariDataSource       : HikariPool-2 - Shutdown initiated...
2020-10-31 11:43:48.591  INFO 8032 --- [restartedMain] com.zaxxer.hikari.HikariDataSource       : HikariPool-2 - Shutdown completed.
2020-10-31 11:43:48.592  INFO 8032 --- [restartedMain] o.apache.catalina.core.StandardService   : Stopping service [Tomcat]
2020-10-31 11:43:48.603  INFO 8032 --- [restartedMain] ConditionEvaluationReportLoggingListener : 

Error starting ApplicationContext. To display the conditions report re-run your application with 'debug' enabled.
2020-10-31 11:43:48.621 ERROR 8032 --- [restartedMain] o.s.boot.SpringApplication               : Application run failed

org.springframework.beans.factory.BeanCreationException: Error creating bean with name 'SSNEnrollmentController' defined in file [C:\workspace\sts5\3-MiniProject\SSA-Web-Application\target\classes\com\ashokit\rest\SSNEnrollmentController.class]: Instantiation of bean failed; nested exception is org.springframework.beans.BeanInstantiationException: Failed to instantiate [com.ashokit.rest.SSNEnrollmentController]: Constructor threw exception; nested exception is java.lang.Error: Unresolved compilation problems: 
	Syntax error on token "}", , expected after this token
	Syntax error on tokens, delete these tokens

	at org.springframework.beans.factory.support.AbstractAutowireCapableBeanFactory.instantiateBean(AbstractAutowireCapableBeanFactory.java:1318) ~[spring-beans-5.2.9.RELEASE.jar:5.2.9.RELEASE]
	at org.springframework.beans.factory.support.AbstractAutowireCapableBeanFactory.createBeanInstance(AbstractAutowireCapableBeanFactory.java:1213) ~[spring-beans-5.2.9.RELEASE.jar:5.2.9.RELEASE]
	at org.springframework.beans.factory.support.AbstractAutowireCapableBeanFactory.doCreateBean(AbstractAutowireCapableBeanFactory.java:556) ~[spring-beans-5.2.9.RELEASE.jar:5.2.9.RELEASE]
	at org.springframework.beans.factory.support.AbstractAutowireCapableBeanFactory.createBean(AbstractAutowireCapableBeanFactory.java:516) ~[spring-beans-5.2.9.RELEASE.jar:5.2.9.RELEASE]
	at org.springframework.beans.factory.support.AbstractBeanFactory.lambda$doGetBean$0(AbstractBeanFactory.java:324) ~[spring-beans-5.2.9.RELEASE.jar:5.2.9.RELEASE]
	at org.springframework.beans.factory.support.DefaultSingletonBeanRegistry.getSingleton(DefaultSingletonBeanRegistry.java:234) ~[spring-beans-5.2.9.RELEASE.jar:5.2.9.RELEASE]
	at org.springframework.beans.factory.support.AbstractBeanFactory.doGetBean(AbstractBeanFactory.java:322) ~[spring-beans-5.2.9.RELEASE.jar:5.2.9.RELEASE]
	at org.springframework.beans.factory.support.AbstractBeanFactory.getBean(AbstractBeanFactory.java:202) ~[spring-beans-5.2.9.RELEASE.jar:5.2.9.RELEASE]
	at org.springframework.beans.factory.support.DefaultListableBeanFactory.preInstantiateSingletons(DefaultListableBeanFactory.java:897) ~[spring-beans-5.2.9.RELEASE.jar:5.2.9.RELEASE]
	at org.springframework.context.support.AbstractApplicationContext.finishBeanFactoryInitialization(AbstractApplicationContext.java:879) ~[spring-context-5.2.9.RELEASE.jar:5.2.9.RELEASE]
	at org.springframework.context.support.AbstractApplicationContext.refresh(AbstractApplicationContext.java:551) ~[spring-context-5.2.9.RELEASE.jar:5.2.9.RELEASE]
	at org.springframework.boot.web.servlet.context.ServletWebServerApplicationContext.refresh(ServletWebServerApplicationContext.java:143) ~[spring-boot-2.3.4.RELEASE.jar:2.3.4.RELEASE]
	at org.springframework.boot.SpringApplication.refresh(SpringApplication.java:758) ~[spring-boot-2.3.4.RELEASE.jar:2.3.4.RELEASE]
	at org.springframework.boot.SpringApplication.refresh(SpringApplication.java:750) ~[spring-boot-2.3.4.RELEASE.jar:2.3.4.RELEASE]
	at org.springframework.boot.SpringApplication.refreshContext(SpringApplication.java:397) ~[spring-boot-2.3.4.RELEASE.jar:2.3.4.RELEASE]
	at org.springframework.boot.SpringApplication.run(SpringApplication.java:315) ~[spring-boot-2.3.4.RELEASE.jar:2.3.4.RELEASE]
	at org.springframework.boot.SpringApplication.run(SpringApplication.java:1237) ~[spring-boot-2.3.4.RELEASE.jar:2.3.4.RELEASE]
	at org.springframework.boot.SpringApplication.run(SpringApplication.java:1226) ~[spring-boot-2.3.4.RELEASE.jar:2.3.4.RELEASE]
	at com.ashokit.SsaWebApplication.main(SsaWebApplication.java:10) ~[classes/:na]
	at java.base/jdk.internal.reflect.NativeMethodAccessorImpl.invoke0(Native Method) ~[na:na]
	at java.base/jdk.internal.reflect.NativeMethodAccessorImpl.invoke(NativeMethodAccessorImpl.java:62) ~[na:na]
	at java.base/jdk.internal.reflect.DelegatingMethodAccessorImpl.invoke(DelegatingMethodAccessorImpl.java:43) ~[na:na]
	at java.base/java.lang.reflect.Method.invoke(Method.java:564) ~[na:na]
	at org.springframework.boot.devtools.restart.RestartLauncher.run(RestartLauncher.java:49) ~[spring-boot-devtools-2.3.4.RELEASE.jar:2.3.4.RELEASE]
Caused by: org.springframework.beans.BeanInstantiationException: Failed to instantiate [com.ashokit.rest.SSNEnrollmentController]: Constructor threw exception; nested exception is java.lang.Error: Unresolved compilation problems: 
	Syntax error on token "}", , expected after this token
	Syntax error on tokens, delete these tokens

	at org.springframework.beans.BeanUtils.instantiateClass(BeanUtils.java:217) ~[spring-beans-5.2.9.RELEASE.jar:5.2.9.RELEASE]
	at org.springframework.beans.factory.support.SimpleInstantiationStrategy.instantiate(SimpleInstantiationStrategy.java:87) ~[spring-beans-5.2.9.RELEASE.jar:5.2.9.RELEASE]
	at org.springframework.beans.factory.support.AbstractAutowireCapableBeanFactory.instantiateBean(AbstractAutowireCapableBeanFactory.java:1310) ~[spring-beans-5.2.9.RELEASE.jar:5.2.9.RELEASE]
	... 23 common frames omitted
Caused by: java.lang.Error: Unresolved compilation problems: 
	Syntax error on token "}", , expected after this token
	Syntax error on tokens, delete these tokens

	at com.ashokit.rest.SSNEnrollmentController.<init>(SSNEnrollmentController.java:29) ~[classes/:na]
	at java.base/jdk.internal.reflect.NativeConstructorAccessorImpl.newInstance0(Native Method) ~[na:na]
	at java.base/jdk.internal.reflect.NativeConstructorAccessorImpl.newInstance(NativeConstructorAccessorImpl.java:62) ~[na:na]
	at java.base/jdk.internal.reflect.DelegatingConstructorAccessorImpl.newInstance(DelegatingConstructorAccessorImpl.java:45) ~[na:na]
	at java.base/java.lang.reflect.Constructor.newInstanceWithCaller(Constructor.java:500) ~[na:na]
	at java.base/java.lang.reflect.Constructor.newInstance(Constructor.java:481) ~[na:na]
	at org.springframework.beans.BeanUtils.instantiateClass(BeanUtils.java:204) ~[spring-beans-5.2.9.RELEASE.jar:5.2.9.RELEASE]
	... 25 common frames omitted

2020-10-31 11:45:03.749  INFO 9568 --- [restartedMain] com.ashokit.SsaWebApplication            : Starting SsaWebApplication on LAPTOP-84NKSP63 with PID 9568 (C:\workspace\sts5\3-MiniProject\SSA-Web-Application\target\classes started by nani1 in C:\workspace\sts5\3-MiniProject\SSA-Web-Application)
2020-10-31 11:45:03.752  INFO 9568 --- [restartedMain] com.ashokit.SsaWebApplication            : No active profile set, falling back to default profiles: default
2020-10-31 11:45:03.810  INFO 9568 --- [restartedMain] o.s.b.devtools.restart.ChangeableUrls    : The Class-Path manifest attribute in C:\Users\nani1\.m2\repository\com\oracle\database\jdbc\ojdbc8\19.3.0.0\ojdbc8-19.3.0.0.jar referenced one or more files that do not exist: file:/C:/Users/nani1/.m2/repository/com/oracle/database/jdbc/ojdbc8/19.3.0.0/oraclepki.jar
2020-10-31 11:45:03.810  INFO 9568 --- [restartedMain] o.s.b.devtools.restart.ChangeableUrls    : The Class-Path manifest attribute in C:\Users\nani1\.m2\repository\com\oracle\database\security\oraclepki\19.3.0.0\oraclepki-19.3.0.0.jar referenced one or more files that do not exist: file:/C:/Users/nani1/.m2/repository/com/oracle/database/security/oraclepki/19.3.0.0/osdt_core.jar,file:/C:/Users/nani1/.m2/repository/com/oracle/database/security/oraclepki/19.3.0.0/osdt_cert.jar,file:/C:/Users/nani1/.m2/repository/com/oracle/database/security/oraclepki/oracle.osdt/osdt_core.jar,file:/C:/Users/nani1/.m2/repository/com/oracle/database/security/oraclepki/oracle.osdt/osdt_cert.jar
2020-10-31 11:45:03.810  INFO 9568 --- [restartedMain] .e.DevToolsPropertyDefaultsPostProcessor : Devtools property defaults active! Set 'spring.devtools.add-properties' to 'false' to disable
2020-10-31 11:45:03.810  INFO 9568 --- [restartedMain] .e.DevToolsPropertyDefaultsPostProcessor : For additional web related logging consider setting the 'logging.level.web' property to 'DEBUG'
2020-10-31 11:45:05.064  INFO 9568 --- [restartedMain] .s.d.r.c.RepositoryConfigurationDelegate : Bootstrapping Spring Data JPA repositories in DEFERRED mode.
2020-10-31 11:45:05.137  INFO 9568 --- [restartedMain] .s.d.r.c.RepositoryConfigurationDelegate : Finished Spring Data repository scanning in 66ms. Found 1 JPA repository interfaces.
2020-10-31 11:45:05.704  INFO 9568 --- [restartedMain] o.s.b.w.embedded.tomcat.TomcatWebServer  : Tomcat initialized with port(s): 9595 (http)
2020-10-31 11:45:05.713  INFO 9568 --- [restartedMain] o.apache.catalina.core.StandardService   : Starting service [Tomcat]
2020-10-31 11:45:05.713  INFO 9568 --- [restartedMain] org.apache.catalina.core.StandardEngine  : Starting Servlet engine: [Apache Tomcat/9.0.38]
2020-10-31 11:45:05.834  INFO 9568 --- [restartedMain] o.a.c.c.C.[Tomcat].[localhost].[/]       : Initializing Spring embedded WebApplicationContext
2020-10-31 11:45:05.834  INFO 9568 --- [restartedMain] w.s.c.ServletWebServerApplicationContext : Root WebApplicationContext: initialization completed in 2024 ms
2020-10-31 11:45:06.161  INFO 9568 --- [restartedMain] o.s.s.concurrent.ThreadPoolTaskExecutor  : Initializing ExecutorService 'applicationTaskExecutor'
2020-10-31 11:45:06.171  INFO 9568 --- [restartedMain] com.zaxxer.hikari.HikariDataSource       : HikariPool-1 - Starting...
2020-10-31 11:45:06.175  WARN 9568 --- [restartedMain] com.zaxxer.hikari.util.DriverDataSource  : Registered driver with driverClassName=oracle.jdbc.driver.OracleDriver was not found, trying direct instantiation.
2020-10-31 11:45:06.383  INFO 9568 --- [restartedMain] com.zaxxer.hikari.HikariDataSource       : HikariPool-1 - Start completed.
2020-10-31 11:45:06.437  INFO 9568 --- [task-1] o.hibernate.jpa.internal.util.LogHelper  : HHH000204: Processing PersistenceUnitInfo [name: default]
2020-10-31 11:45:06.511  INFO 9568 --- [task-1] org.hibernate.Version                    : HHH000412: Hibernate ORM core version 5.4.21.Final
2020-10-31 11:45:06.735  INFO 9568 --- [task-1] o.hibernate.annotations.common.Version   : HCANN000001: Hibernate Commons Annotations {5.1.0.Final}
2020-10-31 11:45:06.755  WARN 9568 --- [restartedMain] JpaBaseConfiguration$JpaWebConfiguration : spring.jpa.open-in-view is enabled by default. Therefore, database queries may be performed during view rendering. Explicitly configure spring.jpa.open-in-view to disable this warning
2020-10-31 11:45:06.870  INFO 9568 --- [task-1] org.hibernate.dialect.Dialect            : HHH000400: Using dialect: org.hibernate.dialect.Oracle10gDialect
2020-10-31 11:45:06.970  INFO 9568 --- [restartedMain] o.s.b.a.e.web.EndpointLinksResolver      : Exposing 2 endpoint(s) beneath base path '/actuator'
2020-10-31 11:45:07.169  INFO 9568 --- [restartedMain] o.s.b.d.a.OptionalLiveReloadServer       : LiveReload server is running on port 35729
2020-10-31 11:45:07.660  INFO 9568 --- [task-1] o.h.e.t.j.p.i.JtaPlatformInitiator       : HHH000490: Using JtaPlatform implementation: [org.hibernate.engine.transaction.jta.platform.internal.NoJtaPlatform]
2020-10-31 11:45:07.670  INFO 9568 --- [task-1] j.LocalContainerEntityManagerFactoryBean : Initialized JPA EntityManagerFactory for persistence unit 'default'
2020-10-31 11:45:07.841  INFO 9568 --- [restartedMain] o.s.b.w.embedded.tomcat.TomcatWebServer  : Tomcat started on port(s): 9595 (http) with context path ''
2020-10-31 11:45:07.843  INFO 9568 --- [restartedMain] d.s.w.p.DocumentationPluginsBootstrapper : Context refreshed
2020-10-31 11:45:07.861  INFO 9568 --- [restartedMain] d.s.w.p.DocumentationPluginsBootstrapper : Found 1 custom documentation plugin(s)
2020-10-31 11:45:07.877  INFO 9568 --- [restartedMain] s.d.s.w.s.ApiListingReferenceScanner     : Scanning for api listing references
2020-10-31 11:45:07.964  INFO 9568 --- [RMI TCP Connection(3)-127.0.0.1] o.a.c.c.C.[Tomcat].[localhost].[/]       : Initializing Spring DispatcherServlet 'dispatcherServlet'
2020-10-31 11:45:07.964  INFO 9568 --- [RMI TCP Connection(3)-127.0.0.1] o.s.web.servlet.DispatcherServlet        : Initializing Servlet 'dispatcherServlet'
2020-10-31 11:45:07.975  INFO 9568 --- [RMI TCP Connection(3)-127.0.0.1] o.s.web.servlet.DispatcherServlet        : Completed initialization in 10 ms
2020-10-31 11:45:08.072  INFO 9568 --- [restartedMain] .d.s.w.r.o.CachingOperationNameGenerator : Generating unique operation named: handleUsingGET_1
2020-10-31 11:45:08.075  INFO 9568 --- [restartedMain] .d.s.w.r.o.CachingOperationNameGenerator : Generating unique operation named: handleUsingGET_2
2020-10-31 11:45:08.110  INFO 9568 --- [restartedMain] DeferredRepositoryInitializationListener : Triggering deferred initialization of Spring Data repositories…
2020-10-31 11:45:08.336  INFO 9568 --- [restartedMain] DeferredRepositoryInitializationListener : Spring Data repositories initialized!
2020-10-31 11:45:08.340  INFO 9568 --- [restartedMain] com.ashokit.SsaWebApplication            : Started SsaWebApplication in 5.041 seconds (JVM running for 5.959)
2020-10-31 11:46:18.110  INFO 9568 --- [Thread-7] j.LocalContainerEntityManagerFactoryBean : Closing JPA EntityManagerFactory for persistence unit 'default'
2020-10-31 11:46:18.113  INFO 9568 --- [Thread-7] o.s.s.concurrent.ThreadPoolTaskExecutor  : Shutting down ExecutorService 'applicationTaskExecutor'
2020-10-31 11:46:18.115  INFO 9568 --- [Thread-7] com.zaxxer.hikari.HikariDataSource       : HikariPool-1 - Shutdown initiated...
2020-10-31 11:46:18.134  INFO 9568 --- [Thread-7] com.zaxxer.hikari.HikariDataSource       : HikariPool-1 - Shutdown completed.
2020-10-31 11:46:18.233  INFO 9568 --- [restartedMain] com.ashokit.SsaWebApplication            : Starting SsaWebApplication on LAPTOP-84NKSP63 with PID 9568 (C:\workspace\sts5\3-MiniProject\SSA-Web-Application\target\classes started by nani1 in C:\workspace\sts5\3-MiniProject\SSA-Web-Application)
2020-10-31 11:46:18.233  INFO 9568 --- [restartedMain] com.ashokit.SsaWebApplication            : No active profile set, falling back to default profiles: default
2020-10-31 11:46:18.744  INFO 9568 --- [restartedMain] .s.d.r.c.RepositoryConfigurationDelegate : Bootstrapping Spring Data JPA repositories in DEFERRED mode.
2020-10-31 11:46:18.762  INFO 9568 --- [restartedMain] .s.d.r.c.RepositoryConfigurationDelegate : Finished Spring Data repository scanning in 17ms. Found 1 JPA repository interfaces.
2020-10-31 11:46:18.884  INFO 9568 --- [restartedMain] o.s.b.w.embedded.tomcat.TomcatWebServer  : Tomcat initialized with port(s): 9595 (http)
2020-10-31 11:46:18.884  INFO 9568 --- [restartedMain] o.apache.catalina.core.StandardService   : Starting service [Tomcat]
2020-10-31 11:46:18.885  INFO 9568 --- [restartedMain] org.apache.catalina.core.StandardEngine  : Starting Servlet engine: [Apache Tomcat/9.0.38]
2020-10-31 11:46:18.914  INFO 9568 --- [restartedMain] o.a.c.c.C.[Tomcat].[localhost].[/]       : Initializing Spring embedded WebApplicationContext
2020-10-31 11:46:18.915  INFO 9568 --- [restartedMain] w.s.c.ServletWebServerApplicationContext : Root WebApplicationContext: initialization completed in 679 ms
2020-10-31 11:46:18.998  INFO 9568 --- [restartedMain] o.s.s.concurrent.ThreadPoolTaskExecutor  : Initializing ExecutorService 'applicationTaskExecutor'
2020-10-31 11:46:18.999  INFO 9568 --- [restartedMain] com.zaxxer.hikari.HikariDataSource       : HikariPool-2 - Starting...
2020-10-31 11:46:18.999  WARN 9568 --- [restartedMain] com.zaxxer.hikari.util.DriverDataSource  : Registered driver with driverClassName=oracle.jdbc.driver.OracleDriver was not found, trying direct instantiation.
2020-10-31 11:46:19.030  INFO 9568 --- [restartedMain] com.zaxxer.hikari.HikariDataSource       : HikariPool-2 - Start completed.
2020-10-31 11:46:19.039  INFO 9568 --- [task-1] o.hibernate.jpa.internal.util.LogHelper  : HHH000204: Processing PersistenceUnitInfo [name: default]
2020-10-31 11:46:19.048  INFO 9568 --- [task-1] org.hibernate.dialect.Dialect            : HHH000400: Using dialect: org.hibernate.dialect.Oracle10gDialect
2020-10-31 11:46:19.126  INFO 9568 --- [task-1] o.h.e.t.j.p.i.JtaPlatformInitiator       : HHH000490: Using JtaPlatform implementation: [org.hibernate.engine.transaction.jta.platform.internal.NoJtaPlatform]
2020-10-31 11:46:19.127  INFO 9568 --- [task-1] j.LocalContainerEntityManagerFactoryBean : Initialized JPA EntityManagerFactory for persistence unit 'default'
2020-10-31 11:46:19.146  WARN 9568 --- [restartedMain] JpaBaseConfiguration$JpaWebConfiguration : spring.jpa.open-in-view is enabled by default. Therefore, database queries may be performed during view rendering. Explicitly configure spring.jpa.open-in-view to disable this warning
2020-10-31 11:46:19.250  INFO 9568 --- [restartedMain] o.s.b.a.e.web.EndpointLinksResolver      : Exposing 2 endpoint(s) beneath base path '/actuator'
2020-10-31 11:46:19.324  INFO 9568 --- [restartedMain] o.s.b.d.a.OptionalLiveReloadServer       : LiveReload server is running on port 35729
2020-10-31 11:46:19.424  INFO 9568 --- [restartedMain] o.s.b.w.embedded.tomcat.TomcatWebServer  : Tomcat started on port(s): 9595 (http) with context path ''
2020-10-31 11:46:19.425  INFO 9568 --- [restartedMain] d.s.w.p.DocumentationPluginsBootstrapper : Context refreshed
2020-10-31 11:46:19.426  INFO 9568 --- [restartedMain] d.s.w.p.DocumentationPluginsBootstrapper : Found 1 custom documentation plugin(s)
2020-10-31 11:46:19.432  INFO 9568 --- [restartedMain] s.d.s.w.s.ApiListingReferenceScanner     : Scanning for api listing references
2020-10-31 11:46:19.487  INFO 9568 --- [restartedMain] .d.s.w.r.o.CachingOperationNameGenerator : Generating unique operation named: handleUsingGET_1
2020-10-31 11:46:19.489  INFO 9568 --- [restartedMain] .d.s.w.r.o.CachingOperationNameGenerator : Generating unique operation named: handleUsingGET_2
2020-10-31 11:46:19.509  INFO 9568 --- [restartedMain] DeferredRepositoryInitializationListener : Triggering deferred initialization of Spring Data repositories…
2020-10-31 11:46:19.544  INFO 9568 --- [restartedMain] DeferredRepositoryInitializationListener : Spring Data repositories initialized!
2020-10-31 11:46:19.551  INFO 9568 --- [restartedMain] com.ashokit.SsaWebApplication            : Started SsaWebApplication in 1.363 seconds (JVM running for 77.171)
2020-10-31 11:46:19.555  INFO 9568 --- [restartedMain] .ConditionEvaluationDeltaLoggingListener : Condition evaluation unchanged
2020-10-31 11:46:33.045  INFO 9568 --- [Thread-12] j.LocalContainerEntityManagerFactoryBean : Closing JPA EntityManagerFactory for persistence unit 'default'
2020-10-31 11:46:33.046  INFO 9568 --- [Thread-12] o.s.s.concurrent.ThreadPoolTaskExecutor  : Shutting down ExecutorService 'applicationTaskExecutor'
2020-10-31 11:46:33.046  INFO 9568 --- [Thread-12] com.zaxxer.hikari.HikariDataSource       : HikariPool-2 - Shutdown initiated...
2020-10-31 11:46:33.059  INFO 9568 --- [Thread-12] com.zaxxer.hikari.HikariDataSource       : HikariPool-2 - Shutdown completed.
2020-10-31 11:46:33.150  INFO 9568 --- [restartedMain] com.ashokit.SsaWebApplication            : Starting SsaWebApplication on LAPTOP-84NKSP63 with PID 9568 (C:\workspace\sts5\3-MiniProject\SSA-Web-Application\target\classes started by nani1 in C:\workspace\sts5\3-MiniProject\SSA-Web-Application)
2020-10-31 11:46:33.150  INFO 9568 --- [restartedMain] com.ashokit.SsaWebApplication            : No active profile set, falling back to default profiles: default
2020-10-31 11:46:33.646  INFO 9568 --- [restartedMain] .s.d.r.c.RepositoryConfigurationDelegate : Bootstrapping Spring Data JPA repositories in DEFERRED mode.
2020-10-31 11:46:33.662  INFO 9568 --- [restartedMain] .s.d.r.c.RepositoryConfigurationDelegate : Finished Spring Data repository scanning in 15ms. Found 1 JPA repository interfaces.
2020-10-31 11:46:33.765  INFO 9568 --- [restartedMain] o.s.b.w.embedded.tomcat.TomcatWebServer  : Tomcat initialized with port(s): 9595 (http)
2020-10-31 11:46:33.766  INFO 9568 --- [restartedMain] o.apache.catalina.core.StandardService   : Starting service [Tomcat]
2020-10-31 11:46:33.766  INFO 9568 --- [restartedMain] org.apache.catalina.core.StandardEngine  : Starting Servlet engine: [Apache Tomcat/9.0.38]
2020-10-31 11:46:33.798  INFO 9568 --- [restartedMain] o.a.c.c.C.[Tomcat].[localhost].[/]       : Initializing Spring embedded WebApplicationContext
2020-10-31 11:46:33.798  INFO 9568 --- [restartedMain] w.s.c.ServletWebServerApplicationContext : Root WebApplicationContext: initialization completed in 645 ms
2020-10-31 11:46:33.878  INFO 9568 --- [restartedMain] o.s.s.concurrent.ThreadPoolTaskExecutor  : Initializing ExecutorService 'applicationTaskExecutor'
2020-10-31 11:46:33.880  INFO 9568 --- [restartedMain] com.zaxxer.hikari.HikariDataSource       : HikariPool-3 - Starting...
2020-10-31 11:46:33.880  WARN 9568 --- [restartedMain] com.zaxxer.hikari.util.DriverDataSource  : Registered driver with driverClassName=oracle.jdbc.driver.OracleDriver was not found, trying direct instantiation.
2020-10-31 11:46:33.903  INFO 9568 --- [restartedMain] com.zaxxer.hikari.HikariDataSource       : HikariPool-3 - Start completed.
2020-10-31 11:46:33.911  INFO 9568 --- [task-1] o.hibernate.jpa.internal.util.LogHelper  : HHH000204: Processing PersistenceUnitInfo [name: default]
2020-10-31 11:46:33.920  INFO 9568 --- [task-1] org.hibernate.dialect.Dialect            : HHH000400: Using dialect: org.hibernate.dialect.Oracle10gDialect
2020-10-31 11:46:33.986  INFO 9568 --- [task-1] o.h.e.t.j.p.i.JtaPlatformInitiator       : HHH000490: Using JtaPlatform implementation: [org.hibernate.engine.transaction.jta.platform.internal.NoJtaPlatform]
2020-10-31 11:46:33.987  INFO 9568 --- [task-1] j.LocalContainerEntityManagerFactoryBean : Initialized JPA EntityManagerFactory for persistence unit 'default'
2020-10-31 11:46:34.014  WARN 9568 --- [restartedMain] JpaBaseConfiguration$JpaWebConfiguration : spring.jpa.open-in-view is enabled by default. Therefore, database queries may be performed during view rendering. Explicitly configure spring.jpa.open-in-view to disable this warning
2020-10-31 11:46:34.117  INFO 9568 --- [restartedMain] o.s.b.a.e.web.EndpointLinksResolver      : Exposing 2 endpoint(s) beneath base path '/actuator'
2020-10-31 11:46:34.186  INFO 9568 --- [restartedMain] o.s.b.d.a.OptionalLiveReloadServer       : LiveReload server is running on port 35729
2020-10-31 11:46:34.282  INFO 9568 --- [restartedMain] o.s.b.w.embedded.tomcat.TomcatWebServer  : Tomcat started on port(s): 9595 (http) with context path ''
2020-10-31 11:46:34.282  INFO 9568 --- [restartedMain] d.s.w.p.DocumentationPluginsBootstrapper : Context refreshed
2020-10-31 11:46:34.283  INFO 9568 --- [restartedMain] d.s.w.p.DocumentationPluginsBootstrapper : Found 1 custom documentation plugin(s)
2020-10-31 11:46:34.290  INFO 9568 --- [restartedMain] s.d.s.w.s.ApiListingReferenceScanner     : Scanning for api listing references
2020-10-31 11:46:34.327  INFO 9568 --- [restartedMain] .d.s.w.r.o.CachingOperationNameGenerator : Generating unique operation named: handleUsingGET_1
2020-10-31 11:46:34.328  INFO 9568 --- [restartedMain] .d.s.w.r.o.CachingOperationNameGenerator : Generating unique operation named: handleUsingGET_2
2020-10-31 11:46:34.339  INFO 9568 --- [restartedMain] DeferredRepositoryInitializationListener : Triggering deferred initialization of Spring Data repositories…
2020-10-31 11:46:34.372  INFO 9568 --- [restartedMain] DeferredRepositoryInitializationListener : Spring Data repositories initialized!
2020-10-31 11:46:34.378  INFO 9568 --- [restartedMain] com.ashokit.SsaWebApplication            : Started SsaWebApplication in 1.266 seconds (JVM running for 91.997)
2020-10-31 11:46:34.380  INFO 9568 --- [restartedMain] .ConditionEvaluationDeltaLoggingListener : Condition evaluation unchanged
2020-10-31 11:46:36.130  INFO 9568 --- [RMI TCP Connection(9)-127.0.0.1] inMXBeanRegistrar$SpringApplicationAdmin : Application shutdown requested.
2020-10-31 11:46:36.200  INFO 9568 --- [RMI TCP Connection(9)-127.0.0.1] j.LocalContainerEntityManagerFactoryBean : Closing JPA EntityManagerFactory for persistence unit 'default'
2020-10-31 11:46:36.202  INFO 9568 --- [RMI TCP Connection(9)-127.0.0.1] o.s.s.concurrent.ThreadPoolTaskExecutor  : Shutting down ExecutorService 'applicationTaskExecutor'
2020-10-31 11:46:36.202  INFO 9568 --- [RMI TCP Connection(9)-127.0.0.1] com.zaxxer.hikari.HikariDataSource       : HikariPool-3 - Shutdown initiated...
2020-10-31 11:46:36.219  INFO 9568 --- [RMI TCP Connection(9)-127.0.0.1] com.zaxxer.hikari.HikariDataSource       : HikariPool-3 - Shutdown completed.
